[3.346s] Invoking command in '/home/vaishnavi/ros2_ws/src/my_robot_controller': PYTHONPATH=/home/vaishnavi/ros2_ws/build/my_robot_controller/prefix_override:/home/vaishnavi/ros2_ws/install/my_robot_controller/lib/python3.10/site-packages:${PYTHONPATH} /usr/bin/python3 setup.py egg_info --egg-base ../../build/my_robot_controller build --build-base /home/vaishnavi/ros2_ws/build/my_robot_controller/build install --record /home/vaishnavi/ros2_ws/build/my_robot_controller/install.log --single-version-externally-managed
[4.332s] running egg_info
[4.338s] writing ../../build/my_robot_controller/my_robot_controller.egg-info/PKG-INFO
[4.352s] writing dependency_links to ../../build/my_robot_controller/my_robot_controller.egg-info/dependency_links.txt
[4.354s] writing entry points to ../../build/my_robot_controller/my_robot_controller.egg-info/entry_points.txt
[4.354s] writing requirements to ../../build/my_robot_controller/my_robot_controller.egg-info/requires.txt
[4.354s] writing top-level names to ../../build/my_robot_controller/my_robot_controller.egg-info/top_level.txt
[4.378s] reading manifest file '../../build/my_robot_controller/my_robot_controller.egg-info/SOURCES.txt'
[4.385s] writing manifest file '../../build/my_robot_controller/my_robot_controller.egg-info/SOURCES.txt'
[4.386s] running build
[4.387s] running build_py
[4.395s] copying my_robot_controller/my_first_node.py -> /home/vaishnavi/ros2_ws/build/my_robot_controller/build/lib/my_robot_controller
[4.397s] running install
[4.401s] running install_lib
[4.413s] copying /home/vaishnavi/ros2_ws/build/my_robot_controller/build/lib/my_robot_controller/my_first_node.py -> /home/vaishnavi/ros2_ws/install/my_robot_controller/lib/python3.10/site-packages/my_robot_controller
[4.417s] byte-compiling /home/vaishnavi/ros2_ws/install/my_robot_controller/lib/python3.10/site-packages/my_robot_controller/my_first_node.py to my_first_node.cpython-310.pyc
[4.418s] running install_data
[4.418s] Sorry: IndentationError: expected an indented block after 'if' statement on line 9 (my_first_node.py, line 10)
[4.424s] running install_egg_info
[4.439s] removing '/home/vaishnavi/ros2_ws/install/my_robot_controller/lib/python3.10/site-packages/my_robot_controller-0.0.0-py3.10.egg-info' (and everything under it)
[4.445s] Copying ../../build/my_robot_controller/my_robot_controller.egg-info to /home/vaishnavi/ros2_ws/install/my_robot_controller/lib/python3.10/site-packages/my_robot_controller-0.0.0-py3.10.egg-info
[4.458s] running install_scripts
[4.592s] writing list of installed files to '/home/vaishnavi/ros2_ws/build/my_robot_controller/install.log'
[4.839s] Invoked command in '/home/vaishnavi/ros2_ws/src/my_robot_controller' returned '0': PYTHONPATH=/home/vaishnavi/ros2_ws/build/my_robot_controller/prefix_override:/home/vaishnavi/ros2_ws/install/my_robot_controller/lib/python3.10/site-packages:${PYTHONPATH} /usr/bin/python3 setup.py egg_info --egg-base ../../build/my_robot_controller build --build-base /home/vaishnavi/ros2_ws/build/my_robot_controller/build install --record /home/vaishnavi/ros2_ws/build/my_robot_controller/install.log --single-version-externally-managed
