[0.458s] Invoking command in '/home/vaishnavi/ros2_ws/src/my_robot_controller': PYTHONPATH=/home/vaishnavi/ros2_ws/build/my_robot_controller/prefix_override:/home/vaishnavi/ros2_ws/install/my_robot_controller/lib/python3.10/site-packages:${PYTHONPATH} /usr/bin/python3 setup.py egg_info --egg-base ../../build/my_robot_controller build --build-base /home/vaishnavi/ros2_ws/build/my_robot_controller/build install --record /home/vaishnavi/ros2_ws/build/my_robot_controller/install.log --single-version-externally-managed
[0.612s] running egg_info
[0.613s] creating ../../build/my_robot_controller/my_robot_controller.egg-info
[0.613s] writing ../../build/my_robot_controller/my_robot_controller.egg-info/PKG-INFO
[0.613s] writing dependency_links to ../../build/my_robot_controller/my_robot_controller.egg-info/dependency_links.txt
[0.613s] writing entry points to ../../build/my_robot_controller/my_robot_controller.egg-info/entry_points.txt
[0.614s] writing requirements to ../../build/my_robot_controller/my_robot_controller.egg-info/requires.txt
[0.614s] writing top-level names to ../../build/my_robot_controller/my_robot_controller.egg-info/top_level.txt
[0.614s] writing manifest file '../../build/my_robot_controller/my_robot_controller.egg-info/SOURCES.txt'
[0.615s] reading manifest file '../../build/my_robot_controller/my_robot_controller.egg-info/SOURCES.txt'
[0.616s] writing manifest file '../../build/my_robot_controller/my_robot_controller.egg-info/SOURCES.txt'
[0.616s] running build
[0.616s] running build_py
[0.616s] creating /home/vaishnavi/ros2_ws/build/my_robot_controller/build
[0.616s] creating /home/vaishnavi/ros2_ws/build/my_robot_controller/build/lib
[0.616s] creating /home/vaishnavi/ros2_ws/build/my_robot_controller/build/lib/my_robot_controller
[0.616s] copying my_robot_controller/__init__.py -> /home/vaishnavi/ros2_ws/build/my_robot_controller/build/lib/my_robot_controller
[0.616s] running install
[0.626s] /usr/lib/python3/dist-packages/setuptools/command/install.py:34: SetuptoolsDeprecationWarning: setup.py install is deprecated. Use build and pip and other standards-based tools.
[0.626s]   warnings.warn(
[0.627s] running install_lib
[0.627s] creating /home/vaishnavi/ros2_ws/install/my_robot_controller/lib/python3.10/site-packages/my_robot_controller
[0.627s] copying /home/vaishnavi/ros2_ws/build/my_robot_controller/build/lib/my_robot_controller/__init__.py -> /home/vaishnavi/ros2_ws/install/my_robot_controller/lib/python3.10/site-packages/my_robot_controller
[0.628s] byte-compiling /home/vaishnavi/ros2_ws/install/my_robot_controller/lib/python3.10/site-packages/my_robot_controller/__init__.py to __init__.cpython-310.pyc
[0.628s] running install_data
[0.629s] creating /home/vaishnavi/ros2_ws/install/my_robot_controller/share/ament_index
[0.629s] creating /home/vaishnavi/ros2_ws/install/my_robot_controller/share/ament_index/resource_index
[0.629s] creating /home/vaishnavi/ros2_ws/install/my_robot_controller/share/ament_index/resource_index/packages
[0.629s] copying resource/my_robot_controller -> /home/vaishnavi/ros2_ws/install/my_robot_controller/share/ament_index/resource_index/packages
[0.629s] copying package.xml -> /home/vaishnavi/ros2_ws/install/my_robot_controller/share/my_robot_controller
[0.629s] running install_egg_info
[0.632s] Copying ../../build/my_robot_controller/my_robot_controller.egg-info to /home/vaishnavi/ros2_ws/install/my_robot_controller/lib/python3.10/site-packages/my_robot_controller-0.0.0-py3.10.egg-info
[0.632s] running install_scripts
[0.648s] writing list of installed files to '/home/vaishnavi/ros2_ws/build/my_robot_controller/install.log'
[0.670s] Invoked command in '/home/vaishnavi/ros2_ws/src/my_robot_controller' returned '0': PYTHONPATH=/home/vaishnavi/ros2_ws/build/my_robot_controller/prefix_override:/home/vaishnavi/ros2_ws/install/my_robot_controller/lib/python3.10/site-packages:${PYTHONPATH} /usr/bin/python3 setup.py egg_info --egg-base ../../build/my_robot_controller build --build-base /home/vaishnavi/ros2_ws/build/my_robot_controller/build install --record /home/vaishnavi/ros2_ws/build/my_robot_controller/install.log --single-version-externally-managed
