[1.312s] Invoking command in '/home/vaishnavi/ros2_ws/build/my_robot_controller': PYTHONPATH=/home/vaishnavi/ros2_ws/build/my_robot_controller/prefix_override:/home/vaishnavi/ros2_ws/install/my_robot_controller/lib/python3.10/site-packages:${PYTHONPATH} /usr/bin/python3 setup.py develop --editable --build-directory /home/vaishnavi/ros2_ws/build/my_robot_controller/build --no-deps install_data
[1.865s] running develop
[2.210s] running egg_info
[2.210s] writing my_robot_controller.egg-info/PKG-INFO
[2.210s] writing dependency_links to my_robot_controller.egg-info/dependency_links.txt
[2.211s] writing entry points to my_robot_controller.egg-info/entry_points.txt
[2.211s] writing requirements to my_robot_controller.egg-info/requires.txt
[2.211s] writing top-level names to my_robot_controller.egg-info/top_level.txt
[2.215s] reading manifest file 'my_robot_controller.egg-info/SOURCES.txt'
[2.217s] writing manifest file 'my_robot_controller.egg-info/SOURCES.txt'
[2.220s] running build_ext
[2.221s] Creating /home/vaishnavi/ros2_ws/install/my_robot_controller/lib/python3.10/site-packages/my-robot-controller.egg-link (link to .)
[2.223s] Installing draw_circle script to /home/vaishnavi/ros2_ws/install/my_robot_controller/lib/my_robot_controller
[2.223s] Installing pose_subscriber script to /home/vaishnavi/ros2_ws/install/my_robot_controller/lib/my_robot_controller
[2.223s] Installing test_node script to /home/vaishnavi/ros2_ws/install/my_robot_controller/lib/my_robot_controller
[2.224s] Installing turtle_controller script to /home/vaishnavi/ros2_ws/install/my_robot_controller/lib/my_robot_controller
[2.224s] 
[2.225s] Installed /home/vaishnavi/ros2_ws/build/my_robot_controller
[2.225s] running install_data
[2.293s] Invoked command in '/home/vaishnavi/ros2_ws/build/my_robot_controller' returned '0': PYTHONPATH=/home/vaishnavi/ros2_ws/build/my_robot_controller/prefix_override:/home/vaishnavi/ros2_ws/install/my_robot_controller/lib/python3.10/site-packages:${PYTHONPATH} /usr/bin/python3 setup.py develop --editable --build-directory /home/vaishnavi/ros2_ws/build/my_robot_controller/build --no-deps install_data
