[1.325s] Invoking command in '/home/vaishnavi/ros2_ws/build/my_robot_controller': PYTHONPATH=/home/vaishnavi/ros2_ws/build/my_robot_controller/prefix_override:/home/vaishnavi/ros2_ws/install/my_robot_controller/lib/python3.10/site-packages:${PYTHONPATH} /usr/bin/python3 setup.py develop --editable --build-directory /home/vaishnavi/ros2_ws/build/my_robot_controller/build --no-deps install_data
[1.886s] running develop
[2.229s] running egg_info
[2.230s] writing my_robot_controller.egg-info/PKG-INFO
[2.230s] writing dependency_links to my_robot_controller.egg-info/dependency_links.txt
[2.230s] writing entry points to my_robot_controller.egg-info/entry_points.txt
[2.230s] writing requirements to my_robot_controller.egg-info/requires.txt
[2.231s] writing top-level names to my_robot_controller.egg-info/top_level.txt
[2.235s] reading manifest file 'my_robot_controller.egg-info/SOURCES.txt'
[2.238s] writing manifest file 'my_robot_controller.egg-info/SOURCES.txt'
[2.241s] running build_ext
[2.241s] Creating /home/vaishnavi/ros2_ws/install/my_robot_controller/lib/python3.10/site-packages/my-robot-controller.egg-link (link to .)
[2.243s] Installing draw_circle script to /home/vaishnavi/ros2_ws/install/my_robot_controller/lib/my_robot_controller
[2.243s] Installing pose_subscriber script to /home/vaishnavi/ros2_ws/install/my_robot_controller/lib/my_robot_controller
[2.243s] Installing test_node script to /home/vaishnavi/ros2_ws/install/my_robot_controller/lib/my_robot_controller
[2.244s] 
[2.244s] Installed /home/vaishnavi/ros2_ws/build/my_robot_controller
[2.244s] running install_data
[2.244s] copying package.xml -> /home/vaishnavi/ros2_ws/install/my_robot_controller/share/my_robot_controller
[2.312s] Invoked command in '/home/vaishnavi/ros2_ws/build/my_robot_controller' returned '0': PYTHONPATH=/home/vaishnavi/ros2_ws/build/my_robot_controller/prefix_override:/home/vaishnavi/ros2_ws/install/my_robot_controller/lib/python3.10/site-packages:${PYTHONPATH} /usr/bin/python3 setup.py develop --editable --build-directory /home/vaishnavi/ros2_ws/build/my_robot_controller/build --no-deps install_data
