[1.343s] Invoking command in '/home/vaishnavi/ros2_ws/build/my_robot_controller': PYTHONPATH=/home/vaishnavi/ros2_ws/build/my_robot_controller/prefix_override:/home/vaishnavi/ros2_ws/install/my_robot_controller/lib/python3.10/site-packages:${PYTHONPATH} /usr/bin/python3 setup.py develop --editable --build-directory /home/vaishnavi/ros2_ws/build/my_robot_controller/build --no-deps install_data
[1.892s] running develop
[2.237s] running egg_info
[2.238s] writing my_robot_controller.egg-info/PKG-INFO
[2.238s] writing dependency_links to my_robot_controller.egg-info/dependency_links.txt
[2.238s] writing entry points to my_robot_controller.egg-info/entry_points.txt
[2.239s] writing requirements to my_robot_controller.egg-info/requires.txt
[2.239s] writing top-level names to my_robot_controller.egg-info/top_level.txt
[2.243s] reading manifest file 'my_robot_controller.egg-info/SOURCES.txt'
[2.245s] writing manifest file 'my_robot_controller.egg-info/SOURCES.txt'
[2.248s] running build_ext
[2.248s] Creating /home/vaishnavi/ros2_ws/install/my_robot_controller/lib/python3.10/site-packages/my-robot-controller.egg-link (link to .)
[2.250s] Installing draw_circle script to /home/vaishnavi/ros2_ws/install/my_robot_controller/lib/my_robot_controller
[2.250s] Installing pose_subscriber script to /home/vaishnavi/ros2_ws/install/my_robot_controller/lib/my_robot_controller
[2.250s] Installing test_node script to /home/vaishnavi/ros2_ws/install/my_robot_controller/lib/my_robot_controller
[2.251s] Installing turtle_controller script to /home/vaishnavi/ros2_ws/install/my_robot_controller/lib/my_robot_controller
[2.251s] 
[2.251s] Installed /home/vaishnavi/ros2_ws/build/my_robot_controller
[2.251s] running install_data
[2.312s] Invoked command in '/home/vaishnavi/ros2_ws/build/my_robot_controller' returned '0': PYTHONPATH=/home/vaishnavi/ros2_ws/build/my_robot_controller/prefix_override:/home/vaishnavi/ros2_ws/install/my_robot_controller/lib/python3.10/site-packages:${PYTHONPATH} /usr/bin/python3 setup.py develop --editable --build-directory /home/vaishnavi/ros2_ws/build/my_robot_controller/build --no-deps install_data
