[3.070s] Invoking command in '/home/vaishnavi/ros2_ws/build/my_robot_controller': PYTHONPATH=/home/vaishnavi/ros2_ws/build/my_robot_controller/prefix_override:/home/vaishnavi/ros2_ws/install/my_robot_controller/lib/python3.10/site-packages:${PYTHONPATH} /usr/bin/python3 setup.py develop --uninstall --editable --build-directory /home/vaishnavi/ros2_ws/build/my_robot_controller/build
[3.772s] running develop
[4.297s] Invoked command in '/home/vaishnavi/ros2_ws/build/my_robot_controller' returned '0': PYTHONPATH=/home/vaishnavi/ros2_ws/build/my_robot_controller/prefix_override:/home/vaishnavi/ros2_ws/install/my_robot_controller/lib/python3.10/site-packages:${PYTHONPATH} /usr/bin/python3 setup.py develop --uninstall --editable --build-directory /home/vaishnavi/ros2_ws/build/my_robot_controller/build
[4.301s] Invoking command in '/home/vaishnavi/ros2_ws/src/my_robot_controller': PYTHONPATH=/home/vaishnavi/ros2_ws/build/my_robot_controller/prefix_override:/home/vaishnavi/ros2_ws/install/my_robot_controller/lib/python3.10/site-packages:${PYTHONPATH} /usr/bin/python3 setup.py egg_info --egg-base ../../build/my_robot_controller build --build-base /home/vaishnavi/ros2_ws/build/my_robot_controller/build install --record /home/vaishnavi/ros2_ws/build/my_robot_controller/install.log --single-version-externally-managed
[5.084s] running egg_info
[5.085s] writing ../../build/my_robot_controller/my_robot_controller.egg-info/PKG-INFO
[5.086s] writing dependency_links to ../../build/my_robot_controller/my_robot_controller.egg-info/dependency_links.txt
[5.086s] writing entry points to ../../build/my_robot_controller/my_robot_controller.egg-info/entry_points.txt
[5.087s] writing requirements to ../../build/my_robot_controller/my_robot_controller.egg-info/requires.txt
[5.087s] writing top-level names to ../../build/my_robot_controller/my_robot_controller.egg-info/top_level.txt
[5.091s] reading manifest file '../../build/my_robot_controller/my_robot_controller.egg-info/SOURCES.txt'
[5.094s] writing manifest file '../../build/my_robot_controller/my_robot_controller.egg-info/SOURCES.txt'
[5.094s] running build
[5.095s] running build_py
[5.095s] copying my_robot_controller/turtle_controller.py -> /home/vaishnavi/ros2_ws/build/my_robot_controller/build/lib/my_robot_controller
[5.096s] running install
[5.097s] running install_lib
[5.100s] copying /home/vaishnavi/ros2_ws/build/my_robot_controller/build/lib/my_robot_controller/turtle_controller.py -> /home/vaishnavi/ros2_ws/install/my_robot_controller/lib/python3.10/site-packages/my_robot_controller
[5.102s] byte-compiling /home/vaishnavi/ros2_ws/install/my_robot_controller/lib/python3.10/site-packages/my_robot_controller/turtle_controller.py to turtle_controller.cpython-310.pyc
[5.103s] running install_data
[5.106s] running install_egg_info
[5.113s] removing '/home/vaishnavi/ros2_ws/install/my_robot_controller/lib/python3.10/site-packages/my_robot_controller-0.0.0-py3.10.egg-info' (and everything under it)
[5.114s] Copying ../../build/my_robot_controller/my_robot_controller.egg-info to /home/vaishnavi/ros2_ws/install/my_robot_controller/lib/python3.10/site-packages/my_robot_controller-0.0.0-py3.10.egg-info
[5.116s] running install_scripts
[5.170s] Installing draw_circle script to /home/vaishnavi/ros2_ws/install/my_robot_controller/lib/my_robot_controller
[5.170s] Installing pose_subscriber script to /home/vaishnavi/ros2_ws/install/my_robot_controller/lib/my_robot_controller
[5.171s] Installing test_node script to /home/vaishnavi/ros2_ws/install/my_robot_controller/lib/my_robot_controller
[5.171s] Installing turtle_controller script to /home/vaishnavi/ros2_ws/install/my_robot_controller/lib/my_robot_controller
[5.171s] writing list of installed files to '/home/vaishnavi/ros2_ws/build/my_robot_controller/install.log'
[5.271s] Invoked command in '/home/vaishnavi/ros2_ws/src/my_robot_controller' returned '0': PYTHONPATH=/home/vaishnavi/ros2_ws/build/my_robot_controller/prefix_override:/home/vaishnavi/ros2_ws/install/my_robot_controller/lib/python3.10/site-packages:${PYTHONPATH} /usr/bin/python3 setup.py egg_info --egg-base ../../build/my_robot_controller build --build-base /home/vaishnavi/ros2_ws/build/my_robot_controller/build install --record /home/vaishnavi/ros2_ws/build/my_robot_controller/install.log --single-version-externally-managed
