[3.524s] Invoking command in '/home/vaishnavi/ros2_ws/build/my_robot_controller': PYTHONPATH=/home/vaishnavi/ros2_ws/build/my_robot_controller/prefix_override:/home/vaishnavi/ros2_ws/install/my_robot_controller/lib/python3.10/site-packages:${PYTHONPATH} /usr/bin/python3 setup.py develop --editable --build-directory /home/vaishnavi/ros2_ws/build/my_robot_controller/build --no-deps install_data
[4.958s] running develop
[5.547s] running egg_info
[5.547s] writing my_robot_controller.egg-info/PKG-INFO
[5.548s] writing dependency_links to my_robot_controller.egg-info/dependency_links.txt
[5.548s] writing entry points to my_robot_controller.egg-info/entry_points.txt
[5.549s] writing requirements to my_robot_controller.egg-info/requires.txt
[5.549s] writing top-level names to my_robot_controller.egg-info/top_level.txt
[5.554s] reading manifest file 'my_robot_controller.egg-info/SOURCES.txt'
[5.556s] writing manifest file 'my_robot_controller.egg-info/SOURCES.txt'
[5.560s] running build_ext
[5.560s] Creating /home/vaishnavi/ros2_ws/install/my_robot_controller/lib/python3.10/site-packages/my-robot-controller.egg-link (link to .)
[5.562s] Installing draw_circle script to /home/vaishnavi/ros2_ws/install/my_robot_controller/lib/my_robot_controller
[5.563s] Installing pose_subscriber script to /home/vaishnavi/ros2_ws/install/my_robot_controller/lib/my_robot_controller
[5.563s] Installing test_node script to /home/vaishnavi/ros2_ws/install/my_robot_controller/lib/my_robot_controller
[5.564s] Installing turtle_controller script to /home/vaishnavi/ros2_ws/install/my_robot_controller/lib/my_robot_controller
[5.564s] 
[5.564s] Installed /home/vaishnavi/ros2_ws/build/my_robot_controller
[5.564s] running install_data
[5.686s] Invoked command in '/home/vaishnavi/ros2_ws/build/my_robot_controller' returned '0': PYTHONPATH=/home/vaishnavi/ros2_ws/build/my_robot_controller/prefix_override:/home/vaishnavi/ros2_ws/install/my_robot_controller/lib/python3.10/site-packages:${PYTHONPATH} /usr/bin/python3 setup.py develop --editable --build-directory /home/vaishnavi/ros2_ws/build/my_robot_controller/build --no-deps install_data
