[0.991s] DEBUG:colcon:Command line arguments: ['/usr/bin/colcon', 'build']
[0.991s] DEBUG:colcon:Parsed command line arguments: Namespace(log_base=None, log_level=None, verb_name='build', build_base='build', install_base='install', merge_install=False, symlink_install=False, test_result_base=None, continue_on_error=False, executor='parallel', parallel_workers=8, event_handlers=None, ignore_user_meta=False, metas=['./colcon.meta'], base_paths=['.'], packages_ignore=None, packages_ignore_regex=None, paths=None, packages_up_to=None, packages_up_to_regex=None, packages_above=None, packages_above_and_dependencies=None, packages_above_depth=None, packages_select_by_dep=None, packages_skip_by_dep=None, packages_skip_up_to=None, packages_select_build_failed=False, packages_skip_build_finished=False, packages_select_test_failures=False, packages_skip_test_passed=False, packages_select=None, packages_skip=None, packages_select_regex=None, packages_skip_regex=None, packages_start=None, packages_end=None, allow_overriding=[], cmake_args=None, cmake_target=None, cmake_target_skip_unavailable=False, cmake_clean_cache=False, cmake_clean_first=False, cmake_force_configure=False, ament_cmake_args=None, catkin_cmake_args=None, catkin_skip_building_tests=False, verb_parser=<colcon_defaults.argument_parser.defaults.DefaultArgumentsDecorator object at 0x7f3912d25b10>, verb_extension=<colcon_core.verb.build.BuildVerb object at 0x7f3912d255a0>, main=<bound method BuildVerb.main of <colcon_core.verb.build.BuildVerb object at 0x7f3912d255a0>>)
[1.068s] Level 1:colcon.colcon_core.package_discovery:discover_packages(colcon_meta) check parameters
[1.069s] Level 1:colcon.colcon_core.package_discovery:discover_packages(recursive) check parameters
[1.069s] Level 1:colcon.colcon_core.package_discovery:discover_packages(ignore) check parameters
[1.069s] Level 1:colcon.colcon_core.package_discovery:discover_packages(path) check parameters
[1.069s] Level 1:colcon.colcon_core.package_discovery:discover_packages(colcon_meta) discover
[1.069s] Level 1:colcon.colcon_core.package_discovery:discover_packages(recursive) discover
[1.070s] INFO:colcon.colcon_core.package_discovery:Crawling recursively for packages in '/home/vaishnavi/ros2_ws'
[1.070s] Level 1:colcon.colcon_core.package_identification:_identify(.) by extensions ['ignore', 'ignore_ament_install']
[1.070s] Level 1:colcon.colcon_core.package_identification:_identify(.) by extension 'ignore'
[1.070s] Level 1:colcon.colcon_core.package_identification:_identify(.) by extension 'ignore_ament_install'
[1.071s] Level 1:colcon.colcon_core.package_identification:_identify(.) by extensions ['colcon_pkg']
[1.071s] Level 1:colcon.colcon_core.package_identification:_identify(.) by extension 'colcon_pkg'
[1.071s] Level 1:colcon.colcon_core.package_identification:_identify(.) by extensions ['colcon_meta']
[1.071s] Level 1:colcon.colcon_core.package_identification:_identify(.) by extension 'colcon_meta'
[1.071s] Level 1:colcon.colcon_core.package_identification:_identify(.) by extensions ['ros']
[1.071s] Level 1:colcon.colcon_core.package_identification:_identify(.) by extension 'ros'
[1.106s] Level 1:colcon.colcon_core.package_identification:_identify(.) by extensions ['cmake', 'python']
[1.106s] Level 1:colcon.colcon_core.package_identification:_identify(.) by extension 'cmake'
[1.106s] Level 1:colcon.colcon_core.package_identification:_identify(.) by extension 'python'
[1.106s] Level 1:colcon.colcon_core.package_identification:_identify(.) by extensions ['python_setup_py']
[1.106s] Level 1:colcon.colcon_core.package_identification:_identify(.) by extension 'python_setup_py'
[1.107s] Level 1:colcon.colcon_core.package_identification:_identify(build) by extensions ['ignore', 'ignore_ament_install']
[1.107s] Level 1:colcon.colcon_core.package_identification:_identify(build) by extension 'ignore'
[1.107s] Level 1:colcon.colcon_core.package_identification:_identify(build) ignored
[1.107s] Level 1:colcon.colcon_core.package_identification:_identify(install) by extensions ['ignore', 'ignore_ament_install']
[1.108s] Level 1:colcon.colcon_core.package_identification:_identify(install) by extension 'ignore'
[1.108s] Level 1:colcon.colcon_core.package_identification:_identify(install) ignored
[1.108s] Level 1:colcon.colcon_core.package_identification:_identify(log) by extensions ['ignore', 'ignore_ament_install']
[1.108s] Level 1:colcon.colcon_core.package_identification:_identify(log) by extension 'ignore'
[1.108s] Level 1:colcon.colcon_core.package_identification:_identify(log) ignored
[1.109s] Level 1:colcon.colcon_core.package_identification:_identify(src) by extensions ['ignore', 'ignore_ament_install']
[1.109s] Level 1:colcon.colcon_core.package_identification:_identify(src) by extension 'ignore'
[1.109s] Level 1:colcon.colcon_core.package_identification:_identify(src) by extension 'ignore_ament_install'
[1.109s] Level 1:colcon.colcon_core.package_identification:_identify(src) by extensions ['colcon_pkg']
[1.109s] Level 1:colcon.colcon_core.package_identification:_identify(src) by extension 'colcon_pkg'
[1.109s] Level 1:colcon.colcon_core.package_identification:_identify(src) by extensions ['colcon_meta']
[1.109s] Level 1:colcon.colcon_core.package_identification:_identify(src) by extension 'colcon_meta'
[1.109s] Level 1:colcon.colcon_core.package_identification:_identify(src) by extensions ['ros']
[1.110s] Level 1:colcon.colcon_core.package_identification:_identify(src) by extension 'ros'
[1.110s] Level 1:colcon.colcon_core.package_identification:_identify(src) by extensions ['cmake', 'python']
[1.110s] Level 1:colcon.colcon_core.package_identification:_identify(src) by extension 'cmake'
[1.110s] Level 1:colcon.colcon_core.package_identification:_identify(src) by extension 'python'
[1.110s] Level 1:colcon.colcon_core.package_identification:_identify(src) by extensions ['python_setup_py']
[1.110s] Level 1:colcon.colcon_core.package_identification:_identify(src) by extension 'python_setup_py'
[1.110s] Level 1:colcon.colcon_core.package_identification:_identify(src/my_robot_controller) by extensions ['ignore', 'ignore_ament_install']
[1.111s] Level 1:colcon.colcon_core.package_identification:_identify(src/my_robot_controller) by extension 'ignore'
[1.111s] Level 1:colcon.colcon_core.package_identification:_identify(src/my_robot_controller) by extension 'ignore_ament_install'
[1.111s] Level 1:colcon.colcon_core.package_identification:_identify(src/my_robot_controller) by extensions ['colcon_pkg']
[1.111s] Level 1:colcon.colcon_core.package_identification:_identify(src/my_robot_controller) by extension 'colcon_pkg'
[1.111s] Level 1:colcon.colcon_core.package_identification:_identify(src/my_robot_controller) by extensions ['colcon_meta']
[1.111s] Level 1:colcon.colcon_core.package_identification:_identify(src/my_robot_controller) by extension 'colcon_meta'
[1.111s] Level 1:colcon.colcon_core.package_identification:_identify(src/my_robot_controller) by extensions ['ros']
[1.111s] Level 1:colcon.colcon_core.package_identification:_identify(src/my_robot_controller) by extension 'ros'
[1.121s] DEBUG:colcon.colcon_core.package_identification:Package 'src/my_robot_controller' with type 'ros.ament_python' and name 'my_robot_controller'
[1.122s] Level 1:colcon.colcon_core.package_discovery:discover_packages(recursive) using defaults
[1.122s] Level 1:colcon.colcon_core.package_discovery:discover_packages(ignore) discover
[1.122s] Level 1:colcon.colcon_core.package_discovery:discover_packages(ignore) using defaults
[1.122s] Level 1:colcon.colcon_core.package_discovery:discover_packages(path) discover
[1.122s] Level 1:colcon.colcon_core.package_discovery:discover_packages(path) using defaults
[1.191s] Level 1:colcon.colcon_core.package_discovery:discover_packages(prefix_path) check parameters
[1.192s] Level 1:colcon.colcon_core.package_discovery:discover_packages(prefix_path) discover
[1.200s] DEBUG:colcon.colcon_installed_package_information.package_discovery:Found 2 installed packages in /home/vaishnavi/eyrc_hb/hb_task1b_ws/install
[1.203s] DEBUG:colcon.colcon_installed_package_information.package_discovery:Found 1 installed packages in /home/vaishnavi/ros2_ws/install
[1.208s] DEBUG:colcon.colcon_installed_package_information.package_discovery:Found 281 installed packages in /opt/ros/humble
[1.212s] Level 1:colcon.colcon_core.package_discovery:discover_packages(prefix_path) using defaults
[1.354s] Level 5:colcon.colcon_core.verb:set package 'my_robot_controller' build argument 'cmake_args' from command line to 'None'
[1.355s] Level 5:colcon.colcon_core.verb:set package 'my_robot_controller' build argument 'cmake_target' from command line to 'None'
[1.355s] Level 5:colcon.colcon_core.verb:set package 'my_robot_controller' build argument 'cmake_target_skip_unavailable' from command line to 'False'
[1.355s] Level 5:colcon.colcon_core.verb:set package 'my_robot_controller' build argument 'cmake_clean_cache' from command line to 'False'
[1.355s] Level 5:colcon.colcon_core.verb:set package 'my_robot_controller' build argument 'cmake_clean_first' from command line to 'False'
[1.355s] Level 5:colcon.colcon_core.verb:set package 'my_robot_controller' build argument 'cmake_force_configure' from command line to 'False'
[1.355s] Level 5:colcon.colcon_core.verb:set package 'my_robot_controller' build argument 'ament_cmake_args' from command line to 'None'
[1.355s] Level 5:colcon.colcon_core.verb:set package 'my_robot_controller' build argument 'catkin_cmake_args' from command line to 'None'
[1.355s] Level 5:colcon.colcon_core.verb:set package 'my_robot_controller' build argument 'catkin_skip_building_tests' from command line to 'False'
[1.355s] DEBUG:colcon.colcon_core.verb:Building package 'my_robot_controller' with the following arguments: {'ament_cmake_args': None, 'build_base': '/home/vaishnavi/ros2_ws/build/my_robot_controller', 'catkin_cmake_args': None, 'catkin_skip_building_tests': False, 'cmake_args': None, 'cmake_clean_cache': False, 'cmake_clean_first': False, 'cmake_force_configure': False, 'cmake_target': None, 'cmake_target_skip_unavailable': False, 'install_base': '/home/vaishnavi/ros2_ws/install/my_robot_controller', 'merge_install': False, 'path': '/home/vaishnavi/ros2_ws/src/my_robot_controller', 'symlink_install': False, 'test_result_base': None}
[1.358s] INFO:colcon.colcon_core.executor:Executing jobs using 'parallel' executor
[1.365s] DEBUG:colcon.colcon_parallel_executor.executor.parallel:run_until_complete
[1.366s] INFO:colcon.colcon_ros.task.ament_python.build:Building ROS package in '/home/vaishnavi/ros2_ws/src/my_robot_controller' with build type 'ament_python'
[1.367s] Level 1:colcon.colcon_core.shell:create_environment_hook('my_robot_controller', 'ament_prefix_path')
[1.391s] INFO:colcon.colcon_core.plugin_system:Skipping extension 'colcon_core.shell.bat': Not used on non-Windows systems
[1.392s] INFO:colcon.colcon_core.shell:Creating environment hook '/home/vaishnavi/ros2_ws/install/my_robot_controller/share/my_robot_controller/hook/ament_prefix_path.ps1'
[1.395s] INFO:colcon.colcon_core.shell:Creating environment descriptor '/home/vaishnavi/ros2_ws/install/my_robot_controller/share/my_robot_controller/hook/ament_prefix_path.dsv'
[1.396s] INFO:colcon.colcon_core.shell:Creating environment hook '/home/vaishnavi/ros2_ws/install/my_robot_controller/share/my_robot_controller/hook/ament_prefix_path.sh'
[1.402s] INFO:colcon.colcon_core.shell:Skip shell extension 'powershell' for command environment: Not usable outside of PowerShell
[1.403s] DEBUG:colcon.colcon_core.shell:Skip shell extension 'dsv' for command environment
[2.178s] INFO:colcon.colcon_core.task.python.build:Building Python package in '/home/vaishnavi/ros2_ws/src/my_robot_controller'
[2.181s] INFO:colcon.colcon_core.shell:Skip shell extension 'powershell' for command environment: Not usable outside of PowerShell
[2.181s] DEBUG:colcon.colcon_core.shell:Skip shell extension 'dsv' for command environment
[3.320s] DEBUG:colcon.colcon_core.event_handler.log_command:Invoking command in '/home/vaishnavi/ros2_ws/build/my_robot_controller': PYTHONPATH=/home/vaishnavi/ros2_ws/build/my_robot_controller/prefix_override:/home/vaishnavi/ros2_ws/install/my_robot_controller/lib/python3.10/site-packages:${PYTHONPATH} /usr/bin/python3 setup.py develop --uninstall --editable --build-directory /home/vaishnavi/ros2_ws/build/my_robot_controller/build
[5.441s] DEBUG:colcon.colcon_core.event_handler.log_command:Invoked command in '/home/vaishnavi/ros2_ws/build/my_robot_controller' returned '0': PYTHONPATH=/home/vaishnavi/ros2_ws/build/my_robot_controller/prefix_override:/home/vaishnavi/ros2_ws/install/my_robot_controller/lib/python3.10/site-packages:${PYTHONPATH} /usr/bin/python3 setup.py develop --uninstall --editable --build-directory /home/vaishnavi/ros2_ws/build/my_robot_controller/build
[5.443s] DEBUG:colcon.colcon_core.event_handler.log_command:Invoking command in '/home/vaishnavi/ros2_ws/src/my_robot_controller': PYTHONPATH=/home/vaishnavi/ros2_ws/build/my_robot_controller/prefix_override:/home/vaishnavi/ros2_ws/install/my_robot_controller/lib/python3.10/site-packages:${PYTHONPATH} /usr/bin/python3 setup.py egg_info --egg-base ../../build/my_robot_controller build --build-base /home/vaishnavi/ros2_ws/build/my_robot_controller/build install --record /home/vaishnavi/ros2_ws/build/my_robot_controller/install.log --single-version-externally-managed
[7.439s] DEBUG:colcon.colcon_core.event_handler.log_command:Invoked command in '/home/vaishnavi/ros2_ws/src/my_robot_controller' returned '0': PYTHONPATH=/home/vaishnavi/ros2_ws/build/my_robot_controller/prefix_override:/home/vaishnavi/ros2_ws/install/my_robot_controller/lib/python3.10/site-packages:${PYTHONPATH} /usr/bin/python3 setup.py egg_info --egg-base ../../build/my_robot_controller build --build-base /home/vaishnavi/ros2_ws/build/my_robot_controller/build install --record /home/vaishnavi/ros2_ws/build/my_robot_controller/install.log --single-version-externally-managed
[7.481s] Level 1:colcon.colcon_core.environment:checking '/home/vaishnavi/ros2_ws/install/my_robot_controller' for CMake module files
[7.485s] Level 1:colcon.colcon_core.environment:checking '/home/vaishnavi/ros2_ws/install/my_robot_controller' for CMake config files
[7.491s] Level 1:colcon.colcon_core.environment:checking '/home/vaishnavi/ros2_ws/install/my_robot_controller/lib'
[7.492s] Level 1:colcon.colcon_core.environment:checking '/home/vaishnavi/ros2_ws/install/my_robot_controller/bin'
[7.493s] Level 1:colcon.colcon_core.environment:checking '/home/vaishnavi/ros2_ws/install/my_robot_controller/lib/pkgconfig/my_robot_controller.pc'
[7.494s] Level 1:colcon.colcon_core.environment:checking '/home/vaishnavi/ros2_ws/install/my_robot_controller/lib/python3.10/site-packages'
[7.495s] Level 1:colcon.colcon_core.shell:create_environment_hook('my_robot_controller', 'pythonpath')
[7.503s] INFO:colcon.colcon_core.shell:Creating environment hook '/home/vaishnavi/ros2_ws/install/my_robot_controller/share/my_robot_controller/hook/pythonpath.ps1'
[7.507s] INFO:colcon.colcon_core.shell:Creating environment descriptor '/home/vaishnavi/ros2_ws/install/my_robot_controller/share/my_robot_controller/hook/pythonpath.dsv'
[7.508s] INFO:colcon.colcon_core.shell:Creating environment hook '/home/vaishnavi/ros2_ws/install/my_robot_controller/share/my_robot_controller/hook/pythonpath.sh'
[7.511s] Level 1:colcon.colcon_core.environment:checking '/home/vaishnavi/ros2_ws/install/my_robot_controller/bin'
[7.511s] Level 1:colcon.colcon_core.environment:create_environment_scripts_only(my_robot_controller)
[7.517s] INFO:colcon.colcon_core.shell:Creating package script '/home/vaishnavi/ros2_ws/install/my_robot_controller/share/my_robot_controller/package.ps1'
[7.522s] INFO:colcon.colcon_core.shell:Creating package descriptor '/home/vaishnavi/ros2_ws/install/my_robot_controller/share/my_robot_controller/package.dsv'
[7.526s] INFO:colcon.colcon_core.shell:Creating package script '/home/vaishnavi/ros2_ws/install/my_robot_controller/share/my_robot_controller/package.sh'
[7.530s] INFO:colcon.colcon_core.shell:Creating package script '/home/vaishnavi/ros2_ws/install/my_robot_controller/share/my_robot_controller/package.bash'
[7.534s] INFO:colcon.colcon_core.shell:Creating package script '/home/vaishnavi/ros2_ws/install/my_robot_controller/share/my_robot_controller/package.zsh'
[7.539s] Level 1:colcon.colcon_core.environment:create_file_with_runtime_dependencies(/home/vaishnavi/ros2_ws/install/my_robot_controller/share/colcon-core/packages/my_robot_controller)
[7.541s] DEBUG:colcon.colcon_parallel_executor.executor.parallel:closing loop
[7.542s] DEBUG:colcon.colcon_parallel_executor.executor.parallel:loop closed
[7.542s] DEBUG:colcon.colcon_parallel_executor.executor.parallel:run_until_complete finished with '0'
[7.543s] DEBUG:colcon.colcon_core.event_reactor:joining thread
[7.585s] INFO:colcon.colcon_core.plugin_system:Skipping extension 'colcon_notification.desktop_notification.terminal_notifier': Not used on non-Darwin systems
[7.586s] INFO:colcon.colcon_core.plugin_system:Skipping extension 'colcon_notification.desktop_notification.win32': Not used on non-Windows systems
[7.586s] INFO:colcon.colcon_notification.desktop_notification:Sending desktop notification using 'notify2'
[7.678s] DEBUG:colcon.colcon_core.event_reactor:joined thread
[7.683s] INFO:colcon.colcon_core.shell:Creating prefix script '/home/vaishnavi/ros2_ws/install/local_setup.ps1'
[7.687s] INFO:colcon.colcon_core.shell:Creating prefix util module '/home/vaishnavi/ros2_ws/install/_local_setup_util_ps1.py'
[7.691s] INFO:colcon.colcon_core.shell:Creating prefix chain script '/home/vaishnavi/ros2_ws/install/setup.ps1'
[7.697s] INFO:colcon.colcon_core.shell:Creating prefix script '/home/vaishnavi/ros2_ws/install/local_setup.sh'
[7.698s] INFO:colcon.colcon_core.shell:Creating prefix util module '/home/vaishnavi/ros2_ws/install/_local_setup_util_sh.py'
[7.700s] INFO:colcon.colcon_core.shell:Creating prefix chain script '/home/vaishnavi/ros2_ws/install/setup.sh'
[7.704s] INFO:colcon.colcon_core.shell:Creating prefix script '/home/vaishnavi/ros2_ws/install/local_setup.bash'
[7.706s] INFO:colcon.colcon_core.shell:Creating prefix chain script '/home/vaishnavi/ros2_ws/install/setup.bash'
[7.710s] INFO:colcon.colcon_core.shell:Creating prefix script '/home/vaishnavi/ros2_ws/install/local_setup.zsh'
[7.712s] INFO:colcon.colcon_core.shell:Creating prefix chain script '/home/vaishnavi/ros2_ws/install/setup.zsh'
