[2.050s] DEBUG:colcon:Command line arguments: ['/usr/bin/colcon', 'build']
[2.051s] DEBUG:colcon:Parsed command line arguments: Namespace(log_base=None, log_level=None, verb_name='build', build_base='build', install_base='install', merge_install=False, symlink_install=False, test_result_base=None, continue_on_error=False, executor='parallel', parallel_workers=8, event_handlers=None, ignore_user_meta=False, metas=['./colcon.meta'], base_paths=['.'], packages_ignore=None, packages_ignore_regex=None, paths=None, packages_up_to=None, packages_up_to_regex=None, packages_above=None, packages_above_and_dependencies=None, packages_above_depth=None, packages_select_by_dep=None, packages_skip_by_dep=None, packages_skip_up_to=None, packages_select_build_failed=False, packages_skip_build_finished=False, packages_select_test_failures=False, packages_skip_test_passed=False, packages_select=None, packages_skip=None, packages_select_regex=None, packages_skip_regex=None, packages_start=None, packages_end=None, allow_overriding=[], cmake_args=None, cmake_target=None, cmake_target_skip_unavailable=False, cmake_clean_cache=False, cmake_clean_first=False, cmake_force_configure=False, ament_cmake_args=None, catkin_cmake_args=None, catkin_skip_building_tests=False, verb_parser=<colcon_defaults.argument_parser.defaults.DefaultArgumentsDecorator object at 0x7fa51ef47e80>, verb_extension=<colcon_core.verb.build.BuildVerb object at 0x7fa51e94af80>, main=<bound method BuildVerb.main of <colcon_core.verb.build.BuildVerb object at 0x7fa51e94af80>>)
[2.220s] Level 1:colcon.colcon_core.package_discovery:discover_packages(colcon_meta) check parameters
[2.222s] Level 1:colcon.colcon_core.package_discovery:discover_packages(recursive) check parameters
[2.222s] Level 1:colcon.colcon_core.package_discovery:discover_packages(ignore) check parameters
[2.222s] Level 1:colcon.colcon_core.package_discovery:discover_packages(path) check parameters
[2.222s] Level 1:colcon.colcon_core.package_discovery:discover_packages(colcon_meta) discover
[2.223s] Level 1:colcon.colcon_core.package_discovery:discover_packages(recursive) discover
[2.223s] INFO:colcon.colcon_core.package_discovery:Crawling recursively for packages in '/home/vaishnavi/ros2_ws'
[2.224s] Level 1:colcon.colcon_core.package_identification:_identify(.) by extensions ['ignore', 'ignore_ament_install']
[2.224s] Level 1:colcon.colcon_core.package_identification:_identify(.) by extension 'ignore'
[2.224s] Level 1:colcon.colcon_core.package_identification:_identify(.) by extension 'ignore_ament_install'
[2.225s] Level 1:colcon.colcon_core.package_identification:_identify(.) by extensions ['colcon_pkg']
[2.225s] Level 1:colcon.colcon_core.package_identification:_identify(.) by extension 'colcon_pkg'
[2.225s] Level 1:colcon.colcon_core.package_identification:_identify(.) by extensions ['colcon_meta']
[2.225s] Level 1:colcon.colcon_core.package_identification:_identify(.) by extension 'colcon_meta'
[2.225s] Level 1:colcon.colcon_core.package_identification:_identify(.) by extensions ['ros']
[2.225s] Level 1:colcon.colcon_core.package_identification:_identify(.) by extension 'ros'
[2.289s] Level 1:colcon.colcon_core.package_identification:_identify(.) by extensions ['cmake', 'python']
[2.290s] Level 1:colcon.colcon_core.package_identification:_identify(.) by extension 'cmake'
[2.290s] Level 1:colcon.colcon_core.package_identification:_identify(.) by extension 'python'
[2.290s] Level 1:colcon.colcon_core.package_identification:_identify(.) by extensions ['python_setup_py']
[2.290s] Level 1:colcon.colcon_core.package_identification:_identify(.) by extension 'python_setup_py'
[2.291s] Level 1:colcon.colcon_core.package_identification:_identify(build) by extensions ['ignore', 'ignore_ament_install']
[2.292s] Level 1:colcon.colcon_core.package_identification:_identify(build) by extension 'ignore'
[2.292s] Level 1:colcon.colcon_core.package_identification:_identify(build) ignored
[2.293s] Level 1:colcon.colcon_core.package_identification:_identify(install) by extensions ['ignore', 'ignore_ament_install']
[2.293s] Level 1:colcon.colcon_core.package_identification:_identify(install) by extension 'ignore'
[2.294s] Level 1:colcon.colcon_core.package_identification:_identify(install) ignored
[2.294s] Level 1:colcon.colcon_core.package_identification:_identify(log) by extensions ['ignore', 'ignore_ament_install']
[2.294s] Level 1:colcon.colcon_core.package_identification:_identify(log) by extension 'ignore'
[2.295s] Level 1:colcon.colcon_core.package_identification:_identify(log) ignored
[2.295s] Level 1:colcon.colcon_core.package_identification:_identify(src) by extensions ['ignore', 'ignore_ament_install']
[2.296s] Level 1:colcon.colcon_core.package_identification:_identify(src) by extension 'ignore'
[2.296s] Level 1:colcon.colcon_core.package_identification:_identify(src) by extension 'ignore_ament_install'
[2.296s] Level 1:colcon.colcon_core.package_identification:_identify(src) by extensions ['colcon_pkg']
[2.296s] Level 1:colcon.colcon_core.package_identification:_identify(src) by extension 'colcon_pkg'
[2.296s] Level 1:colcon.colcon_core.package_identification:_identify(src) by extensions ['colcon_meta']
[2.297s] Level 1:colcon.colcon_core.package_identification:_identify(src) by extension 'colcon_meta'
[2.297s] Level 1:colcon.colcon_core.package_identification:_identify(src) by extensions ['ros']
[2.297s] Level 1:colcon.colcon_core.package_identification:_identify(src) by extension 'ros'
[2.297s] Level 1:colcon.colcon_core.package_identification:_identify(src) by extensions ['cmake', 'python']
[2.297s] Level 1:colcon.colcon_core.package_identification:_identify(src) by extension 'cmake'
[2.297s] Level 1:colcon.colcon_core.package_identification:_identify(src) by extension 'python'
[2.297s] Level 1:colcon.colcon_core.package_identification:_identify(src) by extensions ['python_setup_py']
[2.298s] Level 1:colcon.colcon_core.package_identification:_identify(src) by extension 'python_setup_py'
[2.298s] Level 1:colcon.colcon_core.package_identification:_identify(src/my_robot_controller) by extensions ['ignore', 'ignore_ament_install']
[2.298s] Level 1:colcon.colcon_core.package_identification:_identify(src/my_robot_controller) by extension 'ignore'
[2.299s] Level 1:colcon.colcon_core.package_identification:_identify(src/my_robot_controller) by extension 'ignore_ament_install'
[2.299s] Level 1:colcon.colcon_core.package_identification:_identify(src/my_robot_controller) by extensions ['colcon_pkg']
[2.299s] Level 1:colcon.colcon_core.package_identification:_identify(src/my_robot_controller) by extension 'colcon_pkg'
[2.299s] Level 1:colcon.colcon_core.package_identification:_identify(src/my_robot_controller) by extensions ['colcon_meta']
[2.299s] Level 1:colcon.colcon_core.package_identification:_identify(src/my_robot_controller) by extension 'colcon_meta'
[2.299s] Level 1:colcon.colcon_core.package_identification:_identify(src/my_robot_controller) by extensions ['ros']
[2.299s] Level 1:colcon.colcon_core.package_identification:_identify(src/my_robot_controller) by extension 'ros'
[2.311s] DEBUG:colcon.colcon_core.package_identification:Package 'src/my_robot_controller' with type 'ros.ament_python' and name 'my_robot_controller'
[2.311s] Level 1:colcon.colcon_core.package_discovery:discover_packages(recursive) using defaults
[2.312s] Level 1:colcon.colcon_core.package_discovery:discover_packages(ignore) discover
[2.312s] Level 1:colcon.colcon_core.package_discovery:discover_packages(ignore) using defaults
[2.312s] Level 1:colcon.colcon_core.package_discovery:discover_packages(path) discover
[2.312s] Level 1:colcon.colcon_core.package_discovery:discover_packages(path) using defaults
[2.450s] Level 1:colcon.colcon_core.package_discovery:discover_packages(prefix_path) check parameters
[2.450s] Level 1:colcon.colcon_core.package_discovery:discover_packages(prefix_path) discover
[2.466s] DEBUG:colcon.colcon_installed_package_information.package_discovery:Found 1 installed packages in /home/vaishnavi/ros2_ws/install
[2.472s] DEBUG:colcon.colcon_installed_package_information.package_discovery:Found 277 installed packages in /opt/ros/humble
[2.476s] Level 1:colcon.colcon_core.package_discovery:discover_packages(prefix_path) using defaults
[2.738s] Level 5:colcon.colcon_core.verb:set package 'my_robot_controller' build argument 'cmake_args' from command line to 'None'
[2.738s] Level 5:colcon.colcon_core.verb:set package 'my_robot_controller' build argument 'cmake_target' from command line to 'None'
[2.738s] Level 5:colcon.colcon_core.verb:set package 'my_robot_controller' build argument 'cmake_target_skip_unavailable' from command line to 'False'
[2.738s] Level 5:colcon.colcon_core.verb:set package 'my_robot_controller' build argument 'cmake_clean_cache' from command line to 'False'
[2.738s] Level 5:colcon.colcon_core.verb:set package 'my_robot_controller' build argument 'cmake_clean_first' from command line to 'False'
[2.738s] Level 5:colcon.colcon_core.verb:set package 'my_robot_controller' build argument 'cmake_force_configure' from command line to 'False'
[2.738s] Level 5:colcon.colcon_core.verb:set package 'my_robot_controller' build argument 'ament_cmake_args' from command line to 'None'
[2.738s] Level 5:colcon.colcon_core.verb:set package 'my_robot_controller' build argument 'catkin_cmake_args' from command line to 'None'
[2.738s] Level 5:colcon.colcon_core.verb:set package 'my_robot_controller' build argument 'catkin_skip_building_tests' from command line to 'False'
[2.739s] DEBUG:colcon.colcon_core.verb:Building package 'my_robot_controller' with the following arguments: {'ament_cmake_args': None, 'build_base': '/home/vaishnavi/ros2_ws/build/my_robot_controller', 'catkin_cmake_args': None, 'catkin_skip_building_tests': False, 'cmake_args': None, 'cmake_clean_cache': False, 'cmake_clean_first': False, 'cmake_force_configure': False, 'cmake_target': None, 'cmake_target_skip_unavailable': False, 'install_base': '/home/vaishnavi/ros2_ws/install/my_robot_controller', 'merge_install': False, 'path': '/home/vaishnavi/ros2_ws/src/my_robot_controller', 'symlink_install': False, 'test_result_base': None}
[2.741s] INFO:colcon.colcon_core.executor:Executing jobs using 'parallel' executor
[2.751s] DEBUG:colcon.colcon_parallel_executor.executor.parallel:run_until_complete
[2.751s] INFO:colcon.colcon_ros.task.ament_python.build:Building ROS package in '/home/vaishnavi/ros2_ws/src/my_robot_controller' with build type 'ament_python'
[2.753s] Level 1:colcon.colcon_core.shell:create_environment_hook('my_robot_controller', 'ament_prefix_path')
[2.793s] INFO:colcon.colcon_core.plugin_system:Skipping extension 'colcon_core.shell.bat': Not used on non-Windows systems
[2.795s] INFO:colcon.colcon_core.shell:Creating environment hook '/home/vaishnavi/ros2_ws/install/my_robot_controller/share/my_robot_controller/hook/ament_prefix_path.ps1'
[2.798s] INFO:colcon.colcon_core.shell:Creating environment descriptor '/home/vaishnavi/ros2_ws/install/my_robot_controller/share/my_robot_controller/hook/ament_prefix_path.dsv'
[2.801s] INFO:colcon.colcon_core.shell:Creating environment hook '/home/vaishnavi/ros2_ws/install/my_robot_controller/share/my_robot_controller/hook/ament_prefix_path.sh'
[2.809s] INFO:colcon.colcon_core.shell:Skip shell extension 'powershell' for command environment: Not usable outside of PowerShell
[2.809s] DEBUG:colcon.colcon_core.shell:Skip shell extension 'dsv' for command environment
[3.961s] INFO:colcon.colcon_core.task.python.build:Building Python package in '/home/vaishnavi/ros2_ws/src/my_robot_controller'
[3.967s] INFO:colcon.colcon_core.shell:Skip shell extension 'powershell' for command environment: Not usable outside of PowerShell
[3.968s] DEBUG:colcon.colcon_core.shell:Skip shell extension 'dsv' for command environment
[6.104s] DEBUG:colcon.colcon_core.event_handler.log_command:Invoking command in '/home/vaishnavi/ros2_ws/src/my_robot_controller': PYTHONPATH=/home/vaishnavi/ros2_ws/build/my_robot_controller/prefix_override:/home/vaishnavi/ros2_ws/install/my_robot_controller/lib/python3.10/site-packages:${PYTHONPATH} /usr/bin/python3 setup.py egg_info --egg-base ../../build/my_robot_controller build --build-base /home/vaishnavi/ros2_ws/build/my_robot_controller/build install --record /home/vaishnavi/ros2_ws/build/my_robot_controller/install.log --single-version-externally-managed
[7.598s] DEBUG:colcon.colcon_core.event_handler.log_command:Invoked command in '/home/vaishnavi/ros2_ws/src/my_robot_controller' returned '0': PYTHONPATH=/home/vaishnavi/ros2_ws/build/my_robot_controller/prefix_override:/home/vaishnavi/ros2_ws/install/my_robot_controller/lib/python3.10/site-packages:${PYTHONPATH} /usr/bin/python3 setup.py egg_info --egg-base ../../build/my_robot_controller build --build-base /home/vaishnavi/ros2_ws/build/my_robot_controller/build install --record /home/vaishnavi/ros2_ws/build/my_robot_controller/install.log --single-version-externally-managed
[7.661s] Level 1:colcon.colcon_core.environment:checking '/home/vaishnavi/ros2_ws/install/my_robot_controller' for CMake module files
[7.665s] Level 1:colcon.colcon_core.environment:checking '/home/vaishnavi/ros2_ws/install/my_robot_controller' for CMake config files
[7.670s] Level 1:colcon.colcon_core.environment:checking '/home/vaishnavi/ros2_ws/install/my_robot_controller/lib'
[7.671s] Level 1:colcon.colcon_core.environment:checking '/home/vaishnavi/ros2_ws/install/my_robot_controller/bin'
[7.672s] Level 1:colcon.colcon_core.environment:checking '/home/vaishnavi/ros2_ws/install/my_robot_controller/lib/pkgconfig/my_robot_controller.pc'
[7.674s] Level 1:colcon.colcon_core.environment:checking '/home/vaishnavi/ros2_ws/install/my_robot_controller/lib/python3.10/site-packages'
[7.674s] Level 1:colcon.colcon_core.shell:create_environment_hook('my_robot_controller', 'pythonpath')
[7.683s] INFO:colcon.colcon_core.shell:Creating environment hook '/home/vaishnavi/ros2_ws/install/my_robot_controller/share/my_robot_controller/hook/pythonpath.ps1'
[7.688s] INFO:colcon.colcon_core.shell:Creating environment descriptor '/home/vaishnavi/ros2_ws/install/my_robot_controller/share/my_robot_controller/hook/pythonpath.dsv'
[7.691s] INFO:colcon.colcon_core.shell:Creating environment hook '/home/vaishnavi/ros2_ws/install/my_robot_controller/share/my_robot_controller/hook/pythonpath.sh'
[7.693s] Level 1:colcon.colcon_core.environment:checking '/home/vaishnavi/ros2_ws/install/my_robot_controller/bin'
[7.694s] Level 1:colcon.colcon_core.environment:create_environment_scripts_only(my_robot_controller)
[7.702s] INFO:colcon.colcon_core.shell:Creating package script '/home/vaishnavi/ros2_ws/install/my_robot_controller/share/my_robot_controller/package.ps1'
[7.708s] INFO:colcon.colcon_core.shell:Creating package descriptor '/home/vaishnavi/ros2_ws/install/my_robot_controller/share/my_robot_controller/package.dsv'
[7.710s] INFO:colcon.colcon_core.shell:Creating package script '/home/vaishnavi/ros2_ws/install/my_robot_controller/share/my_robot_controller/package.sh'
[7.714s] INFO:colcon.colcon_core.shell:Creating package script '/home/vaishnavi/ros2_ws/install/my_robot_controller/share/my_robot_controller/package.bash'
[7.719s] INFO:colcon.colcon_core.shell:Creating package script '/home/vaishnavi/ros2_ws/install/my_robot_controller/share/my_robot_controller/package.zsh'
[7.727s] Level 1:colcon.colcon_core.environment:create_file_with_runtime_dependencies(/home/vaishnavi/ros2_ws/install/my_robot_controller/share/colcon-core/packages/my_robot_controller)
[7.729s] DEBUG:colcon.colcon_parallel_executor.executor.parallel:closing loop
[7.731s] DEBUG:colcon.colcon_parallel_executor.executor.parallel:loop closed
[7.731s] DEBUG:colcon.colcon_parallel_executor.executor.parallel:run_until_complete finished with '0'
[7.731s] DEBUG:colcon.colcon_core.event_reactor:joining thread
[7.763s] INFO:colcon.colcon_core.plugin_system:Skipping extension 'colcon_notification.desktop_notification.terminal_notifier': Not used on non-Darwin systems
[7.763s] INFO:colcon.colcon_core.plugin_system:Skipping extension 'colcon_notification.desktop_notification.win32': Not used on non-Windows systems
[7.763s] INFO:colcon.colcon_notification.desktop_notification:Sending desktop notification using 'notify2'
[7.866s] DEBUG:colcon.colcon_core.event_reactor:joined thread
[7.871s] INFO:colcon.colcon_core.shell:Creating prefix script '/home/vaishnavi/ros2_ws/install/local_setup.ps1'
[7.876s] INFO:colcon.colcon_core.shell:Creating prefix util module '/home/vaishnavi/ros2_ws/install/_local_setup_util_ps1.py'
[7.881s] INFO:colcon.colcon_core.shell:Creating prefix chain script '/home/vaishnavi/ros2_ws/install/setup.ps1'
[7.888s] INFO:colcon.colcon_core.shell:Creating prefix script '/home/vaishnavi/ros2_ws/install/local_setup.sh'
[7.890s] INFO:colcon.colcon_core.shell:Creating prefix util module '/home/vaishnavi/ros2_ws/install/_local_setup_util_sh.py'
[7.893s] INFO:colcon.colcon_core.shell:Creating prefix chain script '/home/vaishnavi/ros2_ws/install/setup.sh'
[7.898s] INFO:colcon.colcon_core.shell:Creating prefix script '/home/vaishnavi/ros2_ws/install/local_setup.bash'
[7.901s] INFO:colcon.colcon_core.shell:Creating prefix chain script '/home/vaishnavi/ros2_ws/install/setup.bash'
[7.907s] INFO:colcon.colcon_core.shell:Creating prefix script '/home/vaishnavi/ros2_ws/install/local_setup.zsh'
[7.910s] INFO:colcon.colcon_core.shell:Creating prefix chain script '/home/vaishnavi/ros2_ws/install/setup.zsh'
