[1.292s] Invoking command in '/home/vaishnavi/ros2_ws/build/my_robot_controller': PYTHONPATH=/home/vaishnavi/ros2_ws/build/my_robot_controller/prefix_override:/home/vaishnavi/ros2_ws/install/my_robot_controller/lib/python3.10/site-packages:${PYTHONPATH} /usr/bin/python3 setup.py develop --uninstall --editable --build-directory /home/vaishnavi/ros2_ws/build/my_robot_controller/build
[1.822s] running develop
[2.200s] Invoked command in '/home/vaishnavi/ros2_ws/build/my_robot_controller' returned '0': PYTHONPATH=/home/vaishnavi/ros2_ws/build/my_robot_controller/prefix_override:/home/vaishnavi/ros2_ws/install/my_robot_controller/lib/python3.10/site-packages:${PYTHONPATH} /usr/bin/python3 setup.py develop --uninstall --editable --build-directory /home/vaishnavi/ros2_ws/build/my_robot_controller/build
[2.204s] Invoking command in '/home/vaishnavi/ros2_ws/src/my_robot_controller': PYTHONPATH=/home/vaishnavi/ros2_ws/build/my_robot_controller/prefix_override:/home/vaishnavi/ros2_ws/install/my_robot_controller/lib/python3.10/site-packages:${PYTHONPATH} /usr/bin/python3 setup.py egg_info --egg-base ../../build/my_robot_controller build --build-base /home/vaishnavi/ros2_ws/build/my_robot_controller/build install --record /home/vaishnavi/ros2_ws/build/my_robot_controller/install.log --single-version-externally-managed
[2.703s] running egg_info
[2.704s] writing ../../build/my_robot_controller/my_robot_controller.egg-info/PKG-INFO
[2.704s] writing dependency_links to ../../build/my_robot_controller/my_robot_controller.egg-info/dependency_links.txt
[2.705s] writing entry points to ../../build/my_robot_controller/my_robot_controller.egg-info/entry_points.txt
[2.705s] writing requirements to ../../build/my_robot_controller/my_robot_controller.egg-info/requires.txt
[2.705s] writing top-level names to ../../build/my_robot_controller/my_robot_controller.egg-info/top_level.txt
[2.709s] reading manifest file '../../build/my_robot_controller/my_robot_controller.egg-info/SOURCES.txt'
[2.711s] writing manifest file '../../build/my_robot_controller/my_robot_controller.egg-info/SOURCES.txt'
[2.711s] running build
[2.711s] running build_py
[2.712s] running install
[2.712s] running install_lib
[2.715s] running install_data
[2.716s] running install_egg_info
[2.719s] removing '/home/vaishnavi/ros2_ws/install/my_robot_controller/lib/python3.10/site-packages/my_robot_controller-0.0.0-py3.10.egg-info' (and everything under it)
[2.720s] Copying ../../build/my_robot_controller/my_robot_controller.egg-info to /home/vaishnavi/ros2_ws/install/my_robot_controller/lib/python3.10/site-packages/my_robot_controller-0.0.0-py3.10.egg-info
[2.722s] running install_scripts
[2.791s] Installing draw_circle script to /home/vaishnavi/ros2_ws/install/my_robot_controller/lib/my_robot_controller
[2.792s] Installing test_node script to /home/vaishnavi/ros2_ws/install/my_robot_controller/lib/my_robot_controller
[2.792s] writing list of installed files to '/home/vaishnavi/ros2_ws/build/my_robot_controller/install.log'
[2.875s] Invoked command in '/home/vaishnavi/ros2_ws/src/my_robot_controller' returned '0': PYTHONPATH=/home/vaishnavi/ros2_ws/build/my_robot_controller/prefix_override:/home/vaishnavi/ros2_ws/install/my_robot_controller/lib/python3.10/site-packages:${PYTHONPATH} /usr/bin/python3 setup.py egg_info --egg-base ../../build/my_robot_controller build --build-base /home/vaishnavi/ros2_ws/build/my_robot_controller/build install --record /home/vaishnavi/ros2_ws/build/my_robot_controller/install.log --single-version-externally-managed
